<?xml version="1.0" encoding="UTF-8"?>
<!-- Generated by org.testng.reporters.JUnitXMLReporter -->
<testsuite ignored="0" hostname="DESKTOP-FTLRIS0" failures="0" tests="3" name="Main Page Tests" time="37.23" errors="0" timestamp="2026-07-07T00:21:05 MSK">
  <testcase classname="com.solidinvest.tests.MainPageTest" name="testMainPageLoads" time="2.326"/>
  <testcase classname="com.solidinvest.tests.ContactsTest" name="testContactsLinkNavigation" time="7.359"/>
  <testcase classname="com.solidinvest.tests.ContactUsTest" name="testContactUsForm" time="22.485"/>
</testsuite> <!-- Main Page Tests -->
