<?xml version="1.0" encoding="UTF-8"?>
<!-- Generated by org.testng.reporters.JUnitXMLReporter -->
<testsuite ignored="0" hostname="DESKTOP-FTLRIS0" failures="0" tests="4" name="Main Page Tests" time="40.364" errors="0" timestamp="2026-07-07T23:15:39 MSK">
  <testcase classname="com.solidinvest.tests.MainPageTest" name="testMainPageLoads" time="3.981"/>
  <testcase classname="com.solidinvest.tests.ContactsTest" name="testContactsLinkNavigation" time="3.814"/>
  <testcase classname="com.solidinvest.tests.ContactUsTest" name="testContactUsForm" time="19.019"/>
  <testcase classname="com.solidinvest.tests.OnbordingTest" name="testContactsLinkNavigation" time="6.323"/>
</testsuite> <!-- Main Page Tests -->
