<?xml version="1.0" encoding="UTF-8"?>
<testng-results ignored="0" total="2" passed="2" failed="0" skipped="0">
  <reporter-output>
  </reporter-output>
  <suite started-at="2026-07-06T12:38:26 MSK" name="SolidInvest Tests" finished-at="2026-07-06T12:38:44 MSK" duration-ms="18220">
    <groups>
    </groups>
    <test started-at="2026-07-06T12:38:26 MSK" name="Main Page Tests" finished-at="2026-07-06T12:38:44 MSK" duration-ms="18220">
      <class name="com.solidinvest.tests.ContactsTest">
        <test-method is-config="true" signature="setUp()[pri:0, instance:com.solidinvest.tests.ContactsTest@63e5e5b4]" started-at="2026-07-06T12:38:36 MSK" name="setUp" finished-at="2026-07-06T12:38:39 MSK" duration-ms="3180" status="PASS">
          <reporter-output>
          </reporter-output>
        </test-method> <!-- setUp -->
        <test-method signature="testContactsLinkNavigation()[pri:0, instance:com.solidinvest.tests.ContactsTest@63e5e5b4]" started-at="2026-07-06T12:38:39 MSK" name="testContactsLinkNavigation" finished-at="2026-07-06T12:38:44 MSK" duration-ms="4790" status="PASS">
          <reporter-output>
          </reporter-output>
        </test-method> <!-- testContactsLinkNavigation -->
        <test-method is-config="true" signature="tearDown()[pri:0, instance:com.solidinvest.tests.ContactsTest@63e5e5b4]" started-at="2026-07-06T12:38:44 MSK" name="tearDown" finished-at="2026-07-06T12:38:44 MSK" duration-ms="868" status="PASS">
          <reporter-output>
          </reporter-output>
        </test-method> <!-- tearDown -->
      </class> <!-- com.solidinvest.tests.ContactsTest -->
      <class name="com.solidinvest.tests.MainPageTest">
        <test-method is-config="true" signature="setUp()[pri:0, instance:com.solidinvest.tests.MainPageTest@6079cf5]" started-at="2026-07-06T12:38:26 MSK" name="setUp" finished-at="2026-07-06T12:38:32 MSK" duration-ms="5593" status="PASS">
          <reporter-output>
          </reporter-output>
        </test-method> <!-- setUp -->
        <test-method signature="testMainPageLoads()[pri:0, instance:com.solidinvest.tests.MainPageTest@6079cf5]" started-at="2026-07-06T12:38:32 MSK" name="testMainPageLoads" finished-at="2026-07-06T12:38:35 MSK" duration-ms="2616" status="PASS">
          <reporter-output>
          </reporter-output>
        </test-method> <!-- testMainPageLoads -->
        <test-method is-config="true" signature="tearDown()[pri:0, instance:com.solidinvest.tests.MainPageTest@6079cf5]" started-at="2026-07-06T12:38:35 MSK" name="tearDown" finished-at="2026-07-06T12:38:36 MSK" duration-ms="541" status="PASS">
          <reporter-output>
          </reporter-output>
        </test-method> <!-- tearDown -->
      </class> <!-- com.solidinvest.tests.MainPageTest -->
    </test> <!-- Main Page Tests -->
  </suite> <!-- SolidInvest Tests -->
</testng-results>
