<?xml version="1.0" encoding="UTF-8"?>
<testng-results ignored="0" total="3" passed="3" failed="0" skipped="0">
  <reporter-output>
  </reporter-output>
  <suite started-at="2026-07-07T00:20:28 MSK" name="SolidInvest Tests" finished-at="2026-07-07T00:21:05 MSK" duration-ms="37230">
    <groups>
    </groups>
    <test started-at="2026-07-07T00:20:28 MSK" name="Main Page Tests" finished-at="2026-07-07T00:21:05 MSK" duration-ms="37230">
      <class name="com.solidinvest.tests.ContactsTest">
        <test-method is-config="true" signature="setUp()[pri:0, instance:com.solidinvest.tests.ContactsTest@56de6d6b]" started-at="2026-07-07T00:20:33 MSK" name="setUp" finished-at="2026-07-07T00:20:34 MSK" duration-ms="830" status="PASS">
          <reporter-output>
          </reporter-output>
        </test-method> <!-- setUp -->
        <test-method signature="testContactsLinkNavigation()[pri:0, instance:com.solidinvest.tests.ContactsTest@56de6d6b]" started-at="2026-07-07T00:20:34 MSK" name="testContactsLinkNavigation" finished-at="2026-07-07T00:20:41 MSK" duration-ms="7359" status="PASS">
          <reporter-output>
          </reporter-output>
        </test-method> <!-- testContactsLinkNavigation -->
        <test-method is-config="true" signature="tearDown()[pri:0, instance:com.solidinvest.tests.ContactsTest@56de6d6b]" started-at="2026-07-07T00:20:41 MSK" name="tearDown" finished-at="2026-07-07T00:20:42 MSK" duration-ms="266" status="PASS">
          <reporter-output>
          </reporter-output>
        </test-method> <!-- tearDown -->
      </class> <!-- com.solidinvest.tests.ContactsTest -->
      <class name="com.solidinvest.tests.ContactUsTest">
        <test-method is-config="true" signature="setUp()[pri:0, instance:com.solidinvest.tests.ContactUsTest@5972d253]" started-at="2026-07-07T00:20:42 MSK" name="setUp" finished-at="2026-07-07T00:20:43 MSK" duration-ms="807" status="PASS">
          <reporter-output>
          </reporter-output>
        </test-method> <!-- setUp -->
        <test-method signature="testContactUsForm()[pri:0, instance:com.solidinvest.tests.ContactUsTest@5972d253]" started-at="2026-07-07T00:20:43 MSK" name="testContactUsForm" finished-at="2026-07-07T00:21:05 MSK" duration-ms="22485" status="PASS">
          <reporter-output>
          </reporter-output>
        </test-method> <!-- testContactUsForm -->
        <test-method is-config="true" signature="tearDown()[pri:0, instance:com.solidinvest.tests.ContactUsTest@5972d253]" started-at="2026-07-07T00:21:05 MSK" name="tearDown" finished-at="2026-07-07T00:21:05 MSK" duration-ms="293" status="PASS">
          <reporter-output>
          </reporter-output>
        </test-method> <!-- tearDown -->
      </class> <!-- com.solidinvest.tests.ContactUsTest -->
      <class name="com.solidinvest.tests.MainPageTest">
        <test-method is-config="true" signature="setUp()[pri:0, instance:com.solidinvest.tests.MainPageTest@5226e402]" started-at="2026-07-07T00:20:28 MSK" name="setUp" finished-at="2026-07-07T00:20:31 MSK" duration-ms="2407" status="PASS">
          <reporter-output>
          </reporter-output>
        </test-method> <!-- setUp -->
        <test-method signature="testMainPageLoads()[pri:0, instance:com.solidinvest.tests.MainPageTest@5226e402]" started-at="2026-07-07T00:20:31 MSK" name="testMainPageLoads" finished-at="2026-07-07T00:20:33 MSK" duration-ms="2326" status="PASS">
          <reporter-output>
          </reporter-output>
        </test-method> <!-- testMainPageLoads -->
        <test-method is-config="true" signature="tearDown()[pri:0, instance:com.solidinvest.tests.MainPageTest@5226e402]" started-at="2026-07-07T00:20:33 MSK" name="tearDown" finished-at="2026-07-07T00:20:33 MSK" duration-ms="199" status="PASS">
          <reporter-output>
          </reporter-output>
        </test-method> <!-- tearDown -->
      </class> <!-- com.solidinvest.tests.MainPageTest -->
    </test> <!-- Main Page Tests -->
  </suite> <!-- SolidInvest Tests -->
</testng-results>
