<?xml version="1.0" encoding="UTF-8"?>
<testsuite xmlns:xsi="http://www.w3.org/2001/XMLSchema-instance" xsi:noNamespaceSchemaLocation="https://maven.apache.org/surefire/maven-surefire-plugin/xsd/surefire-test-report-3.0.xsd" version="3.0" name="TestSuite" time="38.712" tests="3" errors="0" skipped="0" failures="0">
  <properties>
[...]
</properties>
  <testcase name="testMainPageLoads" classname="com.solidinvest.tests.MainPageTest" time="2.339">
    <system-err><![CDATA[SLF4J(W): No SLF4J providers were found.
SLF4J(W): Defaulting to no-operation (NOP) logger implementation
SLF4J(W): See https://www.slf4j.org/codes.html#noProviders for further details.
июл. 07, 2026 12:20:30 AM org.openqa.selenium.devtools.CdpVersionFinder findNearestMatch
WARNING: Unable to find CDP implementation matching 149
июл. 07, 2026 12:20:30 AM org.openqa.selenium.chromium.ChromiumDriver lambda$new$5
WARNING: Unable to find version of CDP to use for 149.0.7827.201. You may need to include a dependency on a specific version of the CDP using something similar to `org.seleniumhq.selenium:selenium-devtools-v86:4.16.1` where the version ("v86") matches the version of the chromium-based browser you're using and the version number of the artifact is the same as Selenium's.
]]></system-err>
  </testcase>
  <testcase name="testContactsLinkNavigation" classname="com.solidinvest.tests.ContactsTest" time="7.358">
    <system-out><![CDATA[Клик по ссылке 'Контакты' выполнен через JavaScript
]]></system-out>
    <system-err><![CDATA[июл. 07, 2026 12:20:34 AM org.openqa.selenium.devtools.CdpVersionFinder findNearestMatch
WARNING: Unable to find CDP implementation matching 149
июл. 07, 2026 12:20:34 AM org.openqa.selenium.chromium.ChromiumDriver lambda$new$5
WARNING: Unable to find version of CDP to use for 149.0.7827.201. You may need to include a dependency on a specific version of the CDP using something similar to `org.seleniumhq.selenium:selenium-devtools-v86:4.16.1` where the version ("v86") matches the version of the chromium-based browser you're using and the version number of the artifact is the same as Selenium's.
]]></system-err>
  </testcase>
  <testcase name="testContactUsForm" classname="com.solidinvest.tests.ContactUsTest" time="22.486">
    <system-out><![CDATA[✅ Клик по 'Согласен' выполнен
✅ Скролл до конца главной страницы выполнен
✅ Клик по 'Контакты' выполнен
✅ Кнопка 'Связаться с нами' найдена
✅ Клик по 'Связаться с нами' выполнен
✅ Форма 'Получить консультацию' загружена
✅ Поле Email заполнено: test@test.ru
ℹ️ Поле 'Город' не найдено
Найдено полей для заполнения: 5
✅ Заполнено поле Имя: Тестовый Пользователь
✅ Заполнено поле: Фамилия
✅ Заполнено поле Телефон: +7 (999) 123-45-67
⚠️ Не удалось заполнить поле: invalid element state: Element is not currently interactable and may not be manipulated
  (Session info: chrome=149.0.7827.201)
Build info: version: '4.16.1', revision: '9b4c83354e'
System info: os.name: 'Windows 10', os.arch: 'amd64', os.version: '10.0', java.version: '19.0.2'
Driver info: org.openqa.selenium.chrome.ChromeDriver
Command: [cf3dbab62df6313b883169fcb39e90c5, clearElement {id=f.CA78098C3ABB735A069FF71E6818C258.d.D7024EBFCD75ADB9436F8A4383168B91.e.27}]
Capabilities {acceptInsecureCerts: false, browserName: chrome, browserVersion: 149.0.7827.201, chrome: {chromedriverVersion: 149.0.7827.155 (07b52360cc1..., userDataDir: C:\Users\andrey\AppData\Loc...}, fedcm:accounts: true, goog:chromeOptions: {debuggerAddress: localhost:57469}, goog:processID: 3184, networkConnectionEnabled: false, pageLoadStrategy: normal, platformName: windows, proxy: Proxy(), se:cdp: ws://localhost:57469/devtoo..., se:cdpVersion: 149.0.7827.201, setWindowRect: true, strictFileInteractability: false, timeouts: {implicit: 0, pageLoad: 300000, script: 30000}, unhandledPromptBehavior: dismiss and notify, webauthn:extension:credBlob: true, webauthn:extension:largeBlob: true, webauthn:extension:minPinLength: true, webauthn:extension:prf: true, webauthn:virtualAuthenticators: true}
Element: [[[[ChromeDriver: chrome on windows (cf3dbab62df6313b883169fcb39e90c5)] -> xpath: /html/body/div[1]/div/div[2]/div/div]] -> xpath: .//input[@type='text' or @type='email' or @type='tel' or @type='number' or @type='password']]
Session ID: cf3dbab62df6313b883169fcb39e90c5
Найдено чекбоксов: 3
✅ Чекбокс отмечен
✅ Чекбокс отмечен
ℹ️ Чекбокс уже отмечен
✅ Кнопка 'Выслать код' нажата
⚠️ Браузер оставлен открытым для отладки
]]></system-out>
    <system-err><![CDATA[июл. 07, 2026 12:20:43 AM org.openqa.selenium.devtools.CdpVersionFinder findNearestMatch
WARNING: Unable to find CDP implementation matching 149
июл. 07, 2026 12:20:43 AM org.openqa.selenium.chromium.ChromiumDriver lambda$new$5
WARNING: Unable to find version of CDP to use for 149.0.7827.201. You may need to include a dependency on a specific version of the CDP using something similar to `org.seleniumhq.selenium:selenium-devtools-v86:4.16.1` where the version ("v86") matches the version of the chromium-based browser you're using and the version number of the artifact is the same as Selenium's.
]]></system-err>
  </testcase>
</testsuite>