<?xml version="1.0" encoding="UTF-8"?>
<!-- Generated by org.testng.reporters.JUnitReportReporter -->
<testsuite hostname="DESKTOP-FTLRIS0" failures="0" tests="2" name="com.solidinvest.tests.MainPageTest" time="13.170" errors="0" timestamp="2026-07-06T00:10:45 MSK" skipped="0">
  <testcase classname="com.solidinvest.tests.MainPageTest" name="testContactsLinkNavigation" time="9.332"/>
  <testcase classname="com.solidinvest.tests.MainPageTest" name="testMainPageLoads" time="3.838"/>
</testsuite> <!-- com.solidinvest.tests.MainPageTest -->
